<?xml version="1.0" encoding="UTF-8"?>
<!-- Generated by org.testng.reporters.JUnitXMLReporter -->
<testsuite ignored="0" hostname="DESKTOP-24VMBCE" failures="1" tests="1" name="Surefire test" time="0.041" errors="0" timestamp="2025-03-21T13:55:42 IST">
  <testcase classname="com.opencart.testcases.LoginTest" name="loginTest" time="0.0">
    <failure type="java.lang.RuntimeException" message="java.io.FileNotFoundException: C:\Users\MANISHA\eclipse-workspace\Opencart_Automation\testData\LoginData.xlsx (The system cannot find the path specified)">
      <![CDATA[java.lang.RuntimeException: java.io.FileNotFoundException: C:\Users\MANISHA\eclipse-workspace\Opencart_Automation\testData\LoginData.xlsx (The system cannot find the path specified)
at java.base/java.util.ArrayList.forEach(ArrayList.java:1596)
Caused by: java.io.FileNotFoundException: C:\Users\MANISHA\eclipse-workspace\Opencart_Automation\testData\LoginData.xlsx (The system cannot find the path specified)
at java.base/java.io.FileInputStream.open0(Native Method)
at java.base/java.io.FileInputStream.open(FileInputStream.java:213)
at java.base/java.io.FileInputStream.<init>(FileInputStream.java:152)
at java.base/java.io.FileInputStream.<init>(FileInputStream.java:106)
at com.opencart.utilities.ExcelUtils.getData(ExcelUtils.java:20)
at com.opencart.testcases.LoginTest.fetchData(LoginTest.java:27)
... 30 more
... Removed 35 stack frames]]>
    </failure>
  </testcase> <!-- loginTest -->
</testsuite> <!-- Surefire test -->
